<?xml version="1.0" encoding="UTF-8"?>
<!-- Generated by org.testng.reporters.JUnitReportReporter -->
<testsuite hostname="MSI" failures="0" tests="1" name="demos.SeleniumTest_SauceLabsDemo" time="14.773" errors="0" timestamp="2022-06-03T13:15:05 CST" skipped="0">
  <testcase classname="demos.SeleniumTest_SauceLabsDemo" name="sauceLabsTest" time="14.773"/>
  <system-out/>
</testsuite> <!-- demos.SeleniumTest_SauceLabsDemo -->
