<?xml version="1.0" encoding="UTF-8"?>
<!-- Generated by org.testng.reporters.JUnitReportReporter -->
<testsuite hostname="MSI" failures="0" tests="1" name="testSamples.test_ExtentReport_TestNG" time="1.871" errors="0" timestamp="2022-05-27T13:37:32 CST" skipped="0">
  <testcase classname="testSamples.test_ExtentReport_TestNG" name="test1" time="1.871"/>
  <system-out/>
</testsuite> <!-- testSamples.test_ExtentReport_TestNG -->
