<?xml version="1.0" encoding="UTF-8"?>
<!-- Generated by org.testng.reporters.JUnitReportReporter -->
<testsuite hostname="MSI" failures="0" tests="1" name="testSamples.testNg_Demo2" time="4.008" errors="0" timestamp="2022-05-26T13:33:31 CST" skipped="0">
  <testcase classname="testSamples.testNg_Demo2" name="googleSearch3" time="4.008"/>
  <system-out/>
</testsuite> <!-- testSamples.testNg_Demo2 -->
