<?xml version="1.0" encoding="UTF-8"?>
<!-- Generated by org.testng.reporters.JUnitReportReporter -->
<testsuite hostname="MSI" failures="0" tests="1" name="testSamples.testNg_Demo" time="4.984" errors="0" timestamp="2022-05-31T11:41:19 CST" skipped="0">
  <testcase classname="testSamples.testNg_Demo" name="googleSearch" time="4.984"/>
  <system-out/>
</testsuite> <!-- testSamples.testNg_Demo -->
