<?xml version="1.0" encoding="UTF-8"?>
<!-- Generated by org.testng.reporters.JUnitReportReporter -->
<testsuite hostname="MSI" failures="0" tests="4" name="utilities.ExcelUtilProvider" time="0.006" errors="0" timestamp="2022-06-09T15:13:48 CST" skipped="0">
  <testcase classname="utilities.ExcelUtilProvider" name="test1" time="0.000"/>
  <system-out/>
  <testcase classname="utilities.ExcelUtilProvider" name="test1" time="0.001"/>
  <system-out/>
  <testcase classname="utilities.ExcelUtilProvider" name="test1" time="0.004"/>
  <system-out/>
  <testcase classname="utilities.ExcelUtilProvider" name="test1" time="0.001"/>
  <system-out/>
</testsuite> <!-- utilities.ExcelUtilProvider -->
