<?xml version="1.0" encoding="UTF-8"?>
<!-- Generated by org.testng.reporters.JUnitReportReporter -->
<testsuite hostname="MSI" failures="0" tests="1" name="testSamples.testNg_Demo" time="6.515" errors="0" timestamp="2022-06-06T12:06:36 CST" skipped="0">
  <testcase classname="testSamples.testNg_Demo" name="googleSearch" time="6.515"/>
  <system-out/>
</testsuite> <!-- testSamples.testNg_Demo -->
